  GL2_Q12.cpp
D:\github_My\computerGraphics_class\GL2\GL2_Q12.cpp(57,28): warning C4244: '인수': 'double'에서 'int'(으)로 변환하면서 데이터가 손실될 수 있습니다.
D:\github_My\computerGraphics_class\GL2\GL2_Q12.cpp(57,21): warning C4244: '인수': 'double'에서 'int'(으)로 변환하면서 데이터가 손실될 수 있습니다.
D:\github_My\computerGraphics_class\GL2\GL2_Q12.cpp(74,25): warning C4305: '인수': 'double'에서 'GLclampf'(으)로 잘립니다.
D:\github_My\computerGraphics_class\GL2\GL2_Q12.cpp(74,20): warning C4305: '인수': 'double'에서 'GLclampf'(으)로 잘립니다.
D:\github_My\computerGraphics_class\GL2\GL2_Q12.cpp(74,15): warning C4305: '인수': 'double'에서 'GLclampf'(으)로 잘립니다.
D:\github_My\computerGraphics_class\GL2\GL2_Q12.cpp(265,22): warning C4244: '=': 'double'에서 'GLfloat'(으)로 변환하면서 데이터가 손실될 수 있습니다.
D:\github_My\computerGraphics_class\GL2\GL2_Q12.cpp(266,22): warning C4244: '=': 'double'에서 'GLfloat'(으)로 변환하면서 데이터가 손실될 수 있습니다.
D:\github_My\computerGraphics_class\GL2\GL2_Q12.cpp(268,22): warning C4244: '=': 'double'에서 'GLfloat'(으)로 변환하면서 데이터가 손실될 수 있습니다.
D:\github_My\computerGraphics_class\GL2\GL2_Q12.cpp(269,22): warning C4244: '=': 'double'에서 'GLfloat'(으)로 변환하면서 데이터가 손실될 수 있습니다.
D:\github_My\computerGraphics_class\GL2\GL2_Q12.cpp(271,22): warning C4244: '=': 'double'에서 'GLfloat'(으)로 변환하면서 데이터가 손실될 수 있습니다.
D:\github_My\computerGraphics_class\GL2\GL2_Q12.cpp(272,22): warning C4244: '=': 'double'에서 'GLfloat'(으)로 변환하면서 데이터가 손실될 수 있습니다.
D:\github_My\computerGraphics_class\GL2\GL2_Q12.cpp(274,22): warning C4244: '=': 'double'에서 'GLfloat'(으)로 변환하면서 데이터가 손실될 수 있습니다.
D:\github_My\computerGraphics_class\GL2\GL2_Q12.cpp(275,22): warning C4244: '=': 'double'에서 'GLfloat'(으)로 변환하면서 데이터가 손실될 수 있습니다.
D:\github_My\computerGraphics_class\GL2\GL2_Q12.cpp(278,22): warning C4244: '=': 'double'에서 'GLfloat'(으)로 변환하면서 데이터가 손실될 수 있습니다.
D:\github_My\computerGraphics_class\GL2\GL2_Q12.cpp(312,45): warning C4244: '인수': 'double'에서 '_Ty'(으)로 변환하면서 데이터가 손실될 수 있습니다.
D:\github_My\computerGraphics_class\GL2\GL2_Q12.cpp(312,45): warning C4244:         with
D:\github_My\computerGraphics_class\GL2\GL2_Q12.cpp(312,45): warning C4244:         [
D:\github_My\computerGraphics_class\GL2\GL2_Q12.cpp(312,45): warning C4244:             _Ty=int
D:\github_My\computerGraphics_class\GL2\GL2_Q12.cpp(312,45): warning C4244:         ]
D:\github_My\computerGraphics_class\GL2\GL2_Q12.cpp(314,25): warning C4244: '인수': 'int'에서 'GLfloat'(으)로 변환하면서 데이터가 손실될 수 있습니다.
D:\github_My\computerGraphics_class\GL2\GL2_Q12.cpp(320,45): warning C4244: '인수': 'double'에서 '_Ty'(으)로 변환하면서 데이터가 손실될 수 있습니다.
D:\github_My\computerGraphics_class\GL2\GL2_Q12.cpp(320,45): warning C4244:         with
D:\github_My\computerGraphics_class\GL2\GL2_Q12.cpp(320,45): warning C4244:         [
D:\github_My\computerGraphics_class\GL2\GL2_Q12.cpp(320,45): warning C4244:             _Ty=int
D:\github_My\computerGraphics_class\GL2\GL2_Q12.cpp(320,45): warning C4244:         ]
D:\github_My\computerGraphics_class\GL2\GL2_Q12.cpp(322,25): warning C4244: '인수': 'int'에서 'GLfloat'(으)로 변환하면서 데이터가 손실될 수 있습니다.
  GL2.vcxproj -> D:\github_My\computerGraphics_class\GL2\x64\Debug\GL2.exe
